Listening for transport dt_socket at address: 8000
12:17:53,706 INFO  ~ Starting /data/eclettica/work/cini/sources/cini
:: loading settings :: url = jar:file:/data/play/play-1.4.4/framework/lib/ivy-2.4.0.jar!/org/apache/ivy/core/settings/ivysettings.xml
12:17:54,061 INFO  ~ Module eSecurePlay1 is available (/data/eclettica/work/cini/sources/cini/../eSecurePlay1)
12:17:55,391 WARN  ~ You're running Play! in DEV mode
12:17:55,445 INFO  ~ Listening for HTTP on port 9000 (Waiting a first request to start) ...
~ Server is up and running
12:18:41,691 WARN  ~ Ignoring testId (static params must be specified as key:'value',...)
12:18:41,693 WARN  ~ Ignoring testId (static params must be specified as key:'value',...)
12:18:41,699 WARN  ~ Ignoring testId (static params must be specified as key:'value',...)
12:18:41,705 WARN  ~ Ignoring questionId (static params must be specified as key:'value',...)
12:18:41,707 WARN  ~ Ignoring slideId (static params must be specified as key:'value',...)
12:18:41,709 WARN  ~ Ignoring repositoryId (static params must be specified as key:'value',...)
12:18:41,711 WARN  ~ Ignoring mediaId (static params must be specified as key:'value',...)
12:18:41,712 WARN  ~ Ignoring mediaId (static params must be specified as key:'value',...)
12:18:41,712 WARN  ~ Ignoring mediaId (static params must be specified as key:'value',...)
12:18:41,714 WARN  ~ Ignoring reportId, type:'TESTINGTOOL' (static params must be specified as key:'value',...)
12:18:41,716 WARN  ~ Ignoring null, type:'TESTINGTOOL' (static params must be specified as key:'value',...)
12:18:41,717 WARN  ~ Ignoring reportId, type:'TESTINGTOOL' (static params must be specified as key:'value',...)
12:18:41,718 WARN  ~ Ignoring null, , type:'TESTINGTOOL' (static params must be specified as key:'value',...)
12:18:41,718 WARN  ~ Ignoring null, , type:'TESTINGTOOL' (static params must be specified as key:'value',...)
12:18:41,718 WARN  ~ Ignoring reportId, type:'ATLAS' (static params must be specified as key:'value',...)
12:18:41,720 WARN  ~ Ignoring null, type:'ATLAS' (static params must be specified as key:'value',...)
12:18:41,721 WARN  ~ Ignoring reportId (static params must be specified as key:'value',...)
12:18:41,722 WARN  ~ Ignoring code (static params must be specified as key:'value',...)
12:18:41,724 WARN  ~ Ignoring userId (static params must be specified as key:'value',...)
12:18:44,651 INFO  ~ Connected to jdbc:mariadb://localhost/cinidb for default
12:18:44,666 INFO  ~ DbSync: check and sync schema with models...
12:18:44,666 INFO  ~ DbSync in execution... 
12:18:45,425 WARN  ~ HHH000409: Using org.hibernate.id.UUIDHexGenerator which does not generate IETF RFC 4122 compliant UUID values; consider using org.hibernate.id.UUIDGenerator instead
12:18:46,007 INFO  ~ DbSync correctly executed.
12:18:47,367 ERROR ~ 

@7819dbf9a
Internal Server Error (500) for request GET /

Your database needs to SYNC
An SQL script must be integrated in evolution script: 13.sql

core.db.DbSync$DbToUpdateException
	at core.db.DbSync.checkDbSync(DbSync.java:149)
	at core.db.DbSync.onApplicationStart(DbSync.java:95)
	at play.plugins.PluginCollection.onApplicationStart(PluginCollection.java:616)
	at play.Play.start(Play.java:541)
	at play.Play.detectChanges(Play.java:659)
	at play.Invoker$Invocation.init(Invoker.java:209)
	at Invocation.HTTP Request(Play!)
12:19:21,971 INFO  ~ DbSync: check and sync schema with models...
12:19:21,972 INFO  ~ DbSync in execution... 
12:19:22,365 INFO  ~ DbSync correctly executed.
12:19:22,592 INFO  ~ Application 'cini_be' is now started !
12:19:22,733 WARN  ~ [DEPRECATION] Encountered positional parameter near line 1, column 46.  Positional parameter are considered deprecated; use named parameters or JPA-style positional parameters instead.
12:19:22,834 WARN  ~ [DEPRECATION] Encountered positional parameter near line 1, column 46.  Positional parameter are considered deprecated; use named parameters or JPA-style positional parameters instead.
12:19:23,006 WARN  ~ request body string:
12:19:38,458 WARN  ~ request body string:
12:19:38,581 WARN  ~ request body string:
12:19:41,167 WARN  ~ request body string:
options...
12:19:41,216 WARN  ~ request body string:{
  "login": "testingtool@eclettica.net",
  "password": "testingtool"
}
12:19:41,480 WARN  ~ request body string:
12:19:41,515 WARN  ~ request body string:
12:19:41,621 WARN  ~ request body string:
12:19:41,634 WARN  ~ [DEPRECATION] Encountered positional parameter near line 1, column 48.  Positional parameter are considered deprecated; use named parameters or JPA-style positional parameters instead.
12:19:41,747 WARN  ~ request body string:
12:19:42,954 WARN  ~ request body string:
12:19:42,960 WARN  ~ [DEPRECATION] Encountered positional parameter near line 1, column 49.  Positional parameter are considered deprecated; use named parameters or JPA-style positional parameters instead.
12:19:42,990 INFO  ~ test list:ATLAS testName
12:19:43,023 INFO  ~ Questions: 0
12:19:43,032 INFO  ~ Questions: 0
12:19:43,040 INFO  ~ Questions: 2
12:19:43,046 INFO  ~ Questions: 0
12:19:43,055 INFO  ~ Questions: 0
12:19:43,065 INFO  ~ Questions: 1
12:19:43,089 INFO  ~ Questions: 16
12:19:43,114 INFO  ~ Questions: 6
12:19:43,127 INFO  ~ Questions: 4
12:19:43,131 INFO  ~ Questions: 3
12:19:43,137 INFO  ~ Questions: 6
12:19:43,146 INFO  ~ Questions: 13
12:19:47,312 WARN  ~ request body string:
12:19:47,341 WARN  ~ request body string:
12:19:47,366 INFO  ~ Get test called...UUID-TST-253451bf-2cec-46ae-84c0-4eb12a95f4a1 true null
12:19:47,374 INFO  ~ Questions: 0
12:19:49,007 WARN  ~ request body string:
12:19:49,051 WARN  ~ request body string:{
  "TestId": "UUID-TST-253451bf-2cec-46ae-84c0-4eb12a95f4a1"
}
12:19:49,199 WARN  ~ request body string:
12:19:49,223 WARN  ~ request body string:
12:19:49,249 INFO  ~ Questions: 1
12:19:51,893 WARN  ~ request body string:
12:19:51,917 WARN  ~ request body string:
12:19:51,943 WARN  ~ request body string:
12:19:51,975 WARN  ~ request body string:
12:19:52,050 WARN  ~ request body string:
12:19:52,098 WARN  ~ request body string:
12:19:52,157 WARN  ~ request body string:
12:19:52,182 WARN  ~ request body string:
12:19:52,200 WARN  ~ request body string:
12:19:52,219 WARN  ~ request body string:
12:19:52,241 WARN  ~ request body string:
12:19:52,264 WARN  ~ request body string:
12:19:52,295 WARN  ~ request body string:
12:19:52,312 WARN  ~ request body string:
12:19:52,330 WARN  ~ request body string:
12:19:52,347 WARN  ~ request body string:
12:19:52,362 WARN  ~ request body string:
12:19:52,378 WARN  ~ request body string:
12:19:52,392 WARN  ~ request body string:
12:19:52,407 WARN  ~ request body string:
12:19:52,419 WARN  ~ request body string:
12:19:52,438 WARN  ~ request body string:
12:19:52,459 WARN  ~ request body string:
12:19:52,488 WARN  ~ request body string:
12:19:52,507 WARN  ~ request body string:
12:19:52,533 WARN  ~ request body string:
12:19:52,572 WARN  ~ request body string:
12:19:52,603 WARN  ~ request body string:
12:19:52,626 WARN  ~ request body string:
12:19:52,649 WARN  ~ request body string:
12:19:52,672 WARN  ~ request body string:
12:19:52,698 WARN  ~ request body string:
12:19:52,724 WARN  ~ request body string:
12:19:52,752 WARN  ~ request body string:
12:19:52,790 WARN  ~ request body string:
12:19:52,820 WARN  ~ request body string:
12:19:52,853 WARN  ~ request body string:
12:19:52,878 WARN  ~ request body string:
12:19:52,894 WARN  ~ request body string:
12:19:52,910 WARN  ~ request body string:
12:19:52,936 WARN  ~ request body string:
12:19:55,343 WARN  ~ request body string:{
  "questionId": "UUID-QSTN-2509309c-3fea-4727-b121-7290c2d79f1b"
}
12:20:12,516 WARN  ~ request body string:
12:20:12,548 WARN  ~ request body string:{
  "slide": {
    "slideId": "UUID-SLD-b2850057-baf3-466b-b971-5ec67fd3f465",
    "options": {},
    "slideContent": {
      "componentArray": [
        {
          "componentType": "IMAGE",
          "mediaId": "UUID-MD-168cda18-0efa-4f4a-9b54-1e7d2d323940",
          "pos": "30.345794023605574,17.903930131004365",
          "dim": "8.634982039237359,15.283842794759826",
          "options": {}
        },
        {
          "componentType": "IMAGE",
          "mediaId": "UUID-MD-0ab1adeb-4c35-4e34-8d79-07f0c35a78df",
          "pos": "30.345794023605574,44.75982532751092",
          "dim": "8.634982039237359,10.262008733624453",
          "options": {}
        }
      ]
    },
    "toEdit": true,
    "deleted": false,
    "type": "BLANK"
  }
}
12:20:33,487 WARN  ~ request body string:{
  "slide": {
    "slideId": "UUID-SLD-b2850057-baf3-466b-b971-5ec67fd3f465",
    "options": {},
    "slideContent": {
      "componentArray": [
        {
          "componentType": "IMAGE",
          "mediaId": "UUID-MD-168cda18-0efa-4f4a-9b54-1e7d2d323940",
          "pos": "30.345794023605574,17.903930131004365",
          "dim": "8.634982039237359,15.283842794759826",
          "options": {}
        },
        {
          "componentType": "IMAGE",
          "mediaId": "UUID-MD-0ab1adeb-4c35-4e34-8d79-07f0c35a78df",
          "pos": "30.345794023605574,44.75982532751092",
          "dim": "8.634982039237359,10.262008733624453",
          "options": {}
        }
      ]
    },
    "toEdit": true,
    "deleted": false,
    "type": "BLANK"
  }
}
12:20:54,492 WARN  ~ request body string:{
  "slide": {
    "slideId": "UUID-SLD-b2850057-baf3-466b-b971-5ec67fd3f465",
    "options": {},
    "slideContent": {
      "componentArray": [
        {
          "componentType": "IMAGE",
          "mediaId": "UUID-MD-168cda18-0efa-4f4a-9b54-1e7d2d323940",
          "pos": "30.345794023605574,17.903930131004365",
          "dim": "8.634982039237359,15.283842794759826",
          "options": {}
        },
        {
          "componentType": "IMAGE",
          "mediaId": "UUID-MD-0ab1adeb-4c35-4e34-8d79-07f0c35a78df",
          "pos": "30.345794023605574,44.75982532751092",
          "dim": "8.634982039237359,10.262008733624453",
          "options": {}
        }
      ]
    },
    "toEdit": true,
    "deleted": false,
    "type": "BLANK"
  }
}
12:21:15,486 WARN  ~ request body string:{
  "slide": {
    "slideId": "UUID-SLD-b2850057-baf3-466b-b971-5ec67fd3f465",
    "options": {},
    "slideContent": {
      "componentArray": [
        {
          "componentType": "IMAGE",
          "mediaId": "UUID-MD-168cda18-0efa-4f4a-9b54-1e7d2d323940",
          "pos": "30.345794023605574,17.903930131004365",
          "dim": "8.634982039237359,15.283842794759826",
          "options": {}
        },
        {
          "componentType": "IMAGE",
          "mediaId": "UUID-MD-0ab1adeb-4c35-4e34-8d79-07f0c35a78df",
          "pos": "30.345794023605574,44.75982532751092",
          "dim": "8.634982039237359,10.262008733624453",
          "options": {}
        }
      ]
    },
    "toEdit": true,
    "deleted": false,
    "type": "BLANK"
  }
}
12:21:36,482 WARN  ~ request body string:{
  "slide": {
    "slideId": "UUID-SLD-b2850057-baf3-466b-b971-5ec67fd3f465",
    "options": {},
    "slideContent": {
      "componentArray": [
        {
          "componentType": "IMAGE",
          "mediaId": "UUID-MD-168cda18-0efa-4f4a-9b54-1e7d2d323940",
          "pos": "30.345794023605574,17.903930131004365",
          "dim": "8.634982039237359,15.283842794759826",
          "options": {}
        },
        {
          "componentType": "IMAGE",
          "mediaId": "UUID-MD-0ab1adeb-4c35-4e34-8d79-07f0c35a78df",
          "pos": "30.345794023605574,44.75982532751092",
          "dim": "8.634982039237359,10.262008733624453",
          "options": {}
        }
      ]
    },
    "toEdit": true,
    "deleted": false,
    "type": "BLANK"
  }
}
12:21:57,487 WARN  ~ request body string:{
  "slide": {
    "slideId": "UUID-SLD-b2850057-baf3-466b-b971-5ec67fd3f465",
    "options": {},
    "slideContent": {
      "componentArray": [
        {
          "componentType": "IMAGE",
          "mediaId": "UUID-MD-168cda18-0efa-4f4a-9b54-1e7d2d323940",
          "pos": "30.345794023605574,17.903930131004365",
          "dim": "8.634982039237359,15.283842794759826",
          "options": {}
        },
        {
          "componentType": "IMAGE",
          "mediaId": "UUID-MD-0ab1adeb-4c35-4e34-8d79-07f0c35a78df",
          "pos": "30.345794023605574,44.75982532751092",
          "dim": "8.634982039237359,10.262008733624453",
          "options": {}
        }
      ]
    },
    "toEdit": true,
    "deleted": false,
    "type": "BLANK"
  }
}
12:22:18,488 WARN  ~ request body string:{
  "slide": {
    "slideId": "UUID-SLD-b2850057-baf3-466b-b971-5ec67fd3f465",
    "options": {},
    "slideContent": {
      "componentArray": [
        {
          "componentType": "IMAGE",
          "mediaId": "UUID-MD-168cda18-0efa-4f4a-9b54-1e7d2d323940",
          "pos": "30.345794023605574,17.903930131004365",
          "dim": "8.634982039237359,15.283842794759826",
          "options": {}
        },
        {
          "componentType": "IMAGE",
          "mediaId": "UUID-MD-0ab1adeb-4c35-4e34-8d79-07f0c35a78df",
          "pos": "30.345794023605574,44.75982532751092",
          "dim": "8.634982039237359,10.262008733624453",
          "options": {}
        }
      ]
    },
    "toEdit": true,
    "deleted": false,
    "type": "BLANK"
  }
}
12:22:39,483 WARN  ~ request body string:{
  "slide": {
    "slideId": "UUID-SLD-b2850057-baf3-466b-b971-5ec67fd3f465",
    "options": {},
    "slideContent": {
      "componentArray": [
        {
          "componentType": "IMAGE",
          "mediaId": "UUID-MD-168cda18-0efa-4f4a-9b54-1e7d2d323940",
          "pos": "30.345794023605574,17.903930131004365",
          "dim": "8.634982039237359,15.283842794759826",
          "options": {}
        },
        {
          "componentType": "IMAGE",
          "mediaId": "UUID-MD-0ab1adeb-4c35-4e34-8d79-07f0c35a78df",
          "pos": "30.345794023605574,44.75982532751092",
          "dim": "8.634982039237359,10.262008733624453",
          "options": {}
        }
      ]
    },
    "toEdit": true,
    "deleted": false,
    "type": "BLANK"
  }
}
12:23:00,491 WARN  ~ request body string:{
  "slide": {
    "slideId": "UUID-SLD-b2850057-baf3-466b-b971-5ec67fd3f465",
    "options": {},
    "slideContent": {
      "componentArray": [
        {
          "componentType": "IMAGE",
          "mediaId": "UUID-MD-168cda18-0efa-4f4a-9b54-1e7d2d323940",
          "pos": "30.345794023605574,17.903930131004365",
          "dim": "8.634982039237359,15.283842794759826",
          "options": {}
        },
        {
          "componentType": "IMAGE",
          "mediaId": "UUID-MD-0ab1adeb-4c35-4e34-8d79-07f0c35a78df",
          "pos": "30.345794023605574,44.75982532751092",
          "dim": "8.634982039237359,10.262008733624453",
          "options": {}
        }
      ]
    },
    "toEdit": true,
    "deleted": false,
    "type": "BLANK"
  }
}
12:23:21,506 WARN  ~ request body string:{
  "slide": {
    "slideId": "UUID-SLD-b2850057-baf3-466b-b971-5ec67fd3f465",
    "options": {},
    "slideContent": {
      "componentArray": [
        {
          "componentType": "IMAGE",
          "mediaId": "UUID-MD-168cda18-0efa-4f4a-9b54-1e7d2d323940",
          "pos": "30.345794023605574,17.903930131004365",
          "dim": "8.634982039237359,15.283842794759826",
          "options": {}
        },
        {
          "componentType": "IMAGE",
          "mediaId": "UUID-MD-0ab1adeb-4c35-4e34-8d79-07f0c35a78df",
          "pos": "30.345794023605574,44.75982532751092",
          "dim": "8.634982039237359,10.262008733624453",
          "options": {}
        }
      ]
    },
    "toEdit": true,
    "deleted": false,
    "type": "BLANK"
  }
}
12:23:42,486 WARN  ~ request body string:{
  "slide": {
    "slideId": "UUID-SLD-b2850057-baf3-466b-b971-5ec67fd3f465",
    "options": {},
    "slideContent": {
      "componentArray": [
        {
          "componentType": "IMAGE",
          "mediaId": "UUID-MD-168cda18-0efa-4f4a-9b54-1e7d2d323940",
          "pos": "30.345794023605574,17.903930131004365",
          "dim": "8.634982039237359,15.283842794759826",
          "options": {}
        },
        {
          "componentType": "IMAGE",
          "mediaId": "UUID-MD-0ab1adeb-4c35-4e34-8d79-07f0c35a78df",
          "pos": "30.345794023605574,44.75982532751092",
          "dim": "8.634982039237359,10.262008733624453",
          "options": {}
        }
      ]
    },
    "toEdit": true,
    "deleted": false,
    "type": "BLANK"
  }
}
12:24:03,502 WARN  ~ request body string:{
  "slide": {
    "slideId": "UUID-SLD-b2850057-baf3-466b-b971-5ec67fd3f465",
    "options": {},
    "slideContent": {
      "componentArray": [
        {
          "componentType": "IMAGE",
          "mediaId": "UUID-MD-168cda18-0efa-4f4a-9b54-1e7d2d323940",
          "pos": "30.345794023605574,17.903930131004365",
          "dim": "8.634982039237359,15.283842794759826",
          "options": {}
        },
        {
          "componentType": "IMAGE",
          "mediaId": "UUID-MD-0ab1adeb-4c35-4e34-8d79-07f0c35a78df",
          "pos": "30.345794023605574,44.75982532751092",
          "dim": "8.634982039237359,10.262008733624453",
          "options": {}
        }
      ]
    },
    "toEdit": true,
    "deleted": false,
    "type": "BLANK"
  }
}
12:24:24,490 WARN  ~ request body string:{
  "slide": {
    "slideId": "UUID-SLD-b2850057-baf3-466b-b971-5ec67fd3f465",
    "options": {},
    "slideContent": {
      "componentArray": [
        {
          "componentType": "IMAGE",
          "mediaId": "UUID-MD-168cda18-0efa-4f4a-9b54-1e7d2d323940",
          "pos": "30.345794023605574,17.903930131004365",
          "dim": "8.634982039237359,15.283842794759826",
          "options": {}
        },
        {
          "componentType": "IMAGE",
          "mediaId": "UUID-MD-0ab1adeb-4c35-4e34-8d79-07f0c35a78df",
          "pos": "30.345794023605574,44.75982532751092",
          "dim": "8.634982039237359,10.262008733624453",
          "options": {}
        }
      ]
    },
    "toEdit": true,
    "deleted": false,
    "type": "BLANK"
  }
}
12:24:45,506 WARN  ~ request body string:{
  "slide": {
    "slideId": "UUID-SLD-b2850057-baf3-466b-b971-5ec67fd3f465",
    "options": {},
    "slideContent": {
      "componentArray": [
        {
          "componentType": "IMAGE",
          "mediaId": "UUID-MD-168cda18-0efa-4f4a-9b54-1e7d2d323940",
          "pos": "30.345794023605574,17.903930131004365",
          "dim": "8.634982039237359,15.283842794759826",
          "options": {}
        },
        {
          "componentType": "IMAGE",
          "mediaId": "UUID-MD-0ab1adeb-4c35-4e34-8d79-07f0c35a78df",
          "pos": "30.345794023605574,44.75982532751092",
          "dim": "8.634982039237359,10.262008733624453",
          "options": {}
        }
      ]
    },
    "toEdit": true,
    "deleted": false,
    "type": "BLANK"
  }
}
12:24:51,904 WARN  ~ request body string:
12:25:06,499 WARN  ~ request body string:{
  "slide": {
    "slideId": "UUID-SLD-b2850057-baf3-466b-b971-5ec67fd3f465",
    "options": {},
    "slideContent": {
      "componentArray": [
        {
          "componentType": "IMAGE",
          "mediaId": "UUID-MD-168cda18-0efa-4f4a-9b54-1e7d2d323940",
          "pos": "30.345794023605574,17.903930131004365",
          "dim": "8.634982039237359,15.283842794759826",
          "options": {}
        },
        {
          "componentType": "IMAGE",
          "mediaId": "UUID-MD-0ab1adeb-4c35-4e34-8d79-07f0c35a78df",
          "pos": "30.345794023605574,44.75982532751092",
          "dim": "8.634982039237359,10.262008733624453",
          "options": {}
        }
      ]
    },
    "toEdit": true,
    "deleted": false,
    "type": "BLANK"
  }
}
12:25:27,505 WARN  ~ request body string:{
  "slide": {
    "slideId": "UUID-SLD-b2850057-baf3-466b-b971-5ec67fd3f465",
    "options": {},
    "slideContent": {
      "componentArray": [
        {
          "componentType": "IMAGE",
          "mediaId": "UUID-MD-168cda18-0efa-4f4a-9b54-1e7d2d323940",
          "pos": "30.345794023605574,17.903930131004365",
          "dim": "8.634982039237359,15.283842794759826",
          "options": {}
        },
        {
          "componentType": "IMAGE",
          "mediaId": "UUID-MD-0ab1adeb-4c35-4e34-8d79-07f0c35a78df",
          "pos": "30.345794023605574,44.75982532751092",
          "dim": "8.634982039237359,10.262008733624453",
          "options": {}
        }
      ]
    },
    "toEdit": true,
    "deleted": false,
    "type": "BLANK"
  }
}
12:25:48,481 WARN  ~ request body string:{
  "slide": {
    "slideId": "UUID-SLD-b2850057-baf3-466b-b971-5ec67fd3f465",
    "options": {},
    "slideContent": {
      "componentArray": [
        {
          "componentType": "IMAGE",
          "mediaId": "UUID-MD-168cda18-0efa-4f4a-9b54-1e7d2d323940",
          "pos": "30.345794023605574,17.903930131004365",
          "dim": "8.634982039237359,15.283842794759826",
          "options": {}
        },
        {
          "componentType": "IMAGE",
          "mediaId": "UUID-MD-0ab1adeb-4c35-4e34-8d79-07f0c35a78df",
          "pos": "30.345794023605574,44.75982532751092",
          "dim": "8.634982039237359,10.262008733624453",
          "options": {}
        }
      ]
    },
    "toEdit": true,
    "deleted": false,
    "type": "BLANK"
  }
}
12:26:09,481 WARN  ~ request body string:{
  "slide": {
    "slideId": "UUID-SLD-b2850057-baf3-466b-b971-5ec67fd3f465",
    "options": {},
    "slideContent": {
      "componentArray": [
        {
          "componentType": "IMAGE",
          "mediaId": "UUID-MD-168cda18-0efa-4f4a-9b54-1e7d2d323940",
          "pos": "30.345794023605574,17.903930131004365",
          "dim": "8.634982039237359,15.283842794759826",
          "options": {}
        },
        {
          "componentType": "IMAGE",
          "mediaId": "UUID-MD-0ab1adeb-4c35-4e34-8d79-07f0c35a78df",
          "pos": "30.345794023605574,44.75982532751092",
          "dim": "8.634982039237359,10.262008733624453",
          "options": {}
        }
      ]
    },
    "toEdit": true,
    "deleted": false,
    "type": "BLANK"
  }
}
12:26:30,481 WARN  ~ request body string:{
  "slide": {
    "slideId": "UUID-SLD-b2850057-baf3-466b-b971-5ec67fd3f465",
    "options": {},
    "slideContent": {
      "componentArray": [
        {
          "componentType": "IMAGE",
          "mediaId": "UUID-MD-168cda18-0efa-4f4a-9b54-1e7d2d323940",
          "pos": "30.345794023605574,17.903930131004365",
          "dim": "8.634982039237359,15.283842794759826",
          "options": {}
        },
        {
          "componentType": "IMAGE",
          "mediaId": "UUID-MD-0ab1adeb-4c35-4e34-8d79-07f0c35a78df",
          "pos": "30.345794023605574,44.75982532751092",
          "dim": "8.634982039237359,10.262008733624453",
          "options": {}
        }
      ]
    },
    "toEdit": true,
    "deleted": false,
    "type": "BLANK"
  }
}
12:26:50,506 WARN  ~ request body string:{
  "slide": {
    "slideId": "UUID-SLD-b2850057-baf3-466b-b971-5ec67fd3f465",
    "options": {},
    "slideContent": {
      "componentArray": [
        {
          "componentType": "IMAGE",
          "mediaId": "UUID-MD-168cda18-0efa-4f4a-9b54-1e7d2d323940",
          "pos": "30.345794023605574,17.903930131004365",
          "dim": "8.634982039237359,15.283842794759826",
          "options": {}
        },
        {
          "componentType": "IMAGE",
          "mediaId": "UUID-MD-0ab1adeb-4c35-4e34-8d79-07f0c35a78df",
          "pos": "30.345794023605574,44.75982532751092",
          "dim": "8.634982039237359,10.262008733624453",
          "options": {}
        }
      ]
    },
    "toEdit": true,
    "deleted": false,
    "type": "BLANK"
  }
}
12:30:53,700 WARN  ~ request body string:
12:30:53,880 WARN  ~ request body string:
12:30:55,891 WARN  ~ request body string:
options...
12:30:55,963 WARN  ~ request body string:{
  "login": "testingtool@eclettica.net",
  "password": "testingtool"
}
12:30:56,067 WARN  ~ request body string:
12:30:56,149 WARN  ~ request body string:
12:31:03,237 WARN  ~ request body string:
12:31:03,320 WARN  ~ request body string:
12:31:03,330 INFO  ~ test list:ATLAS testName
12:31:03,343 INFO  ~ Questions: 1
12:31:03,345 INFO  ~ Questions: 0
12:31:03,349 INFO  ~ Questions: 2
12:31:03,354 INFO  ~ Questions: 0
12:31:03,358 INFO  ~ Questions: 0
12:31:03,361 INFO  ~ Questions: 1
12:31:03,365 INFO  ~ Questions: 16
12:31:03,369 INFO  ~ Questions: 6
12:31:03,372 INFO  ~ Questions: 4
12:31:03,374 INFO  ~ Questions: 3
12:31:03,377 INFO  ~ Questions: 6
12:31:03,381 INFO  ~ Questions: 13
12:31:07,503 WARN  ~ request body string:
12:31:07,580 WARN  ~ request body string:
12:31:07,592 INFO  ~ Get test called...UUID-TST-4dcbc06c-d701-4659-807a-7e402d07d662 true null
12:31:07,596 INFO  ~ Questions: 0
12:44:32,344 WARN  ~ request body string:
12:44:32,484 WARN  ~ request body string:{
  "TestId": "UUID-TST-4dcbc06c-d701-4659-807a-7e402d07d662"
}
12:44:32,789 WARN  ~ request body string:
12:44:32,858 WARN  ~ request body string:
12:44:32,873 INFO  ~ Questions: 1
12:44:35,300 WARN  ~ request body string:
12:44:35,328 WARN  ~ request body string:
12:44:35,348 WARN  ~ request body string:
12:44:35,380 WARN  ~ request body string:
12:44:35,512 WARN  ~ request body string:
12:44:35,573 WARN  ~ request body string:
12:44:35,716 WARN  ~ request body string:
12:44:35,815 WARN  ~ request body string:
12:44:35,945 WARN  ~ request body string:
12:44:35,970 WARN  ~ request body string:
12:44:36,004 WARN  ~ request body string:
12:44:36,033 WARN  ~ request body string:
12:44:36,126 WARN  ~ request body string:
12:44:36,173 WARN  ~ request body string:
12:44:36,214 WARN  ~ request body string:
12:44:36,301 WARN  ~ request body string:
12:44:36,358 WARN  ~ request body string:
12:44:36,451 WARN  ~ request body string:
12:44:36,487 WARN  ~ request body string:
12:44:36,559 WARN  ~ request body string:
12:44:36,581 WARN  ~ request body string:
12:44:36,652 WARN  ~ request body string:
12:44:36,683 WARN  ~ request body string:
12:44:36,747 WARN  ~ request body string:
12:44:36,785 WARN  ~ request body string:
12:44:36,817 WARN  ~ request body string:
12:44:36,846 WARN  ~ request body string:
12:44:36,906 WARN  ~ request body string:
12:44:36,958 WARN  ~ request body string:
12:44:37,003 WARN  ~ request body string:
12:44:37,046 WARN  ~ request body string:
12:44:37,104 WARN  ~ request body string:
12:44:37,143 WARN  ~ request body string:
12:44:37,180 WARN  ~ request body string:
12:44:37,226 WARN  ~ request body string:
12:44:37,434 WARN  ~ request body string:
12:44:37,493 WARN  ~ request body string:
12:44:37,548 WARN  ~ request body string:
12:44:37,608 WARN  ~ request body string:
12:44:37,642 WARN  ~ request body string:
12:44:37,687 WARN  ~ request body string:
12:44:37,723 WARN  ~ request body string:{
  "questionId": "UUID-QSTN-0881cd42-3aef-491e-be50-90a4c3b7400c"
}
12:45:09,185 WARN  ~ request body string:
12:45:09,508 WARN  ~ request body string:{
  "slide": {
    "slideId": "UUID-SLD-9c6f08ba-62ae-4a45-ae3f-7fa48e25f216",
    "options": {},
    "slideContent": {
      "componentArray": []
    },
    "toEdit": true,
    "deleted": false,
    "type": "BLANK"
  }
}
12:45:15,348 WARN  ~ request body string:{
  "slide": {
    "slideId": "UUID-SLD-9c6f08ba-62ae-4a45-ae3f-7fa48e25f216",
    "options": {},
    "slideContent": {
      "componentArray": []
    },
    "toEdit": true,
    "deleted": false,
    "type": "BLANK"
  }
}
12:45:35,303 WARN  ~ request body string:{
  "slide": {
    "slideId": "UUID-SLD-9c6f08ba-62ae-4a45-ae3f-7fa48e25f216",
    "options": {},
    "slideContent": {
      "componentArray": []
    },
    "toEdit": true,
    "deleted": false,
    "type": "BLANK"
  }
}
12:45:55,319 WARN  ~ request body string:{
  "slide": {
    "slideId": "UUID-SLD-9c6f08ba-62ae-4a45-ae3f-7fa48e25f216",
    "options": {},
    "slideContent": {
      "componentArray": []
    },
    "toEdit": true,
    "deleted": false,
    "type": "BLANK"
  }
}
12:46:15,329 WARN  ~ request body string:{
  "slide": {
    "slideId": "UUID-SLD-9c6f08ba-62ae-4a45-ae3f-7fa48e25f216",
    "options": {},
    "slideContent": {
      "componentArray": []
    },
    "toEdit": true,
    "deleted": false,
    "type": "BLANK"
  }
}
12:46:35,313 WARN  ~ request body string:{
  "slide": {
    "slideId": "UUID-SLD-9c6f08ba-62ae-4a45-ae3f-7fa48e25f216",
    "options": {},
    "slideContent": {
      "componentArray": []
    },
    "toEdit": true,
    "deleted": false,
    "type": "BLANK"
  }
}
12:46:55,364 WARN  ~ request body string:{
  "slide": {
    "slideId": "UUID-SLD-9c6f08ba-62ae-4a45-ae3f-7fa48e25f216",
    "options": {},
    "slideContent": {
      "componentArray": []
    },
    "toEdit": true,
    "deleted": false,
    "type": "BLANK"
  }
}
12:47:15,327 WARN  ~ request body string:{
  "slide": {
    "slideId": "UUID-SLD-9c6f08ba-62ae-4a45-ae3f-7fa48e25f216",
    "options": {},
    "slideContent": {
      "componentArray": []
    },
    "toEdit": true,
    "deleted": false,
    "type": "BLANK"
  }
}
12:47:35,339 WARN  ~ request body string:{
  "slide": {
    "slideId": "UUID-SLD-9c6f08ba-62ae-4a45-ae3f-7fa48e25f216",
    "options": {},
    "slideContent": {
      "componentArray": []
    },
    "toEdit": true,
    "deleted": false,
    "type": "BLANK"
  }
}
12:47:55,341 WARN  ~ request body string:{
  "slide": {
    "slideId": "UUID-SLD-9c6f08ba-62ae-4a45-ae3f-7fa48e25f216",
    "options": {},
    "slideContent": {
      "componentArray": []
    },
    "toEdit": true,
    "deleted": false,
    "type": "BLANK"
  }
}
12:48:15,330 WARN  ~ request body string:{
  "slide": {
    "slideId": "UUID-SLD-9c6f08ba-62ae-4a45-ae3f-7fa48e25f216",
    "options": {},
    "slideContent": {
      "componentArray": []
    },
    "toEdit": true,
    "deleted": false,
    "type": "BLANK"
  }
}
12:48:35,331 WARN  ~ request body string:{
  "slide": {
    "slideId": "UUID-SLD-9c6f08ba-62ae-4a45-ae3f-7fa48e25f216",
    "options": {},
    "slideContent": {
      "componentArray": []
    },
    "toEdit": true,
    "deleted": false,
    "type": "BLANK"
  }
}
12:48:55,357 WARN  ~ request body string:{
  "slide": {
    "slideId": "UUID-SLD-9c6f08ba-62ae-4a45-ae3f-7fa48e25f216",
    "options": {},
    "slideContent": {
      "componentArray": []
    },
    "toEdit": true,
    "deleted": false,
    "type": "BLANK"
  }
}
12:49:15,369 WARN  ~ request body string:{
  "slide": {
    "slideId": "UUID-SLD-9c6f08ba-62ae-4a45-ae3f-7fa48e25f216",
    "options": {},
    "slideContent": {
      "componentArray": []
    },
    "toEdit": true,
    "deleted": false,
    "type": "BLANK"
  }
}
12:49:35,330 WARN  ~ request body string:{
  "slide": {
    "slideId": "UUID-SLD-9c6f08ba-62ae-4a45-ae3f-7fa48e25f216",
    "options": {},
    "slideContent": {
      "componentArray": []
    },
    "toEdit": true,
    "deleted": false,
    "type": "BLANK"
  }
}
12:49:55,340 WARN  ~ request body string:{
  "slide": {
    "slideId": "UUID-SLD-9c6f08ba-62ae-4a45-ae3f-7fa48e25f216",
    "options": {},
    "slideContent": {
      "componentArray": []
    },
    "toEdit": true,
    "deleted": false,
    "type": "BLANK"
  }
}
12:50:15,643 WARN  ~ request body string:{
  "slide": {
    "slideId": "UUID-SLD-9c6f08ba-62ae-4a45-ae3f-7fa48e25f216",
    "options": {},
    "slideContent": {
      "componentArray": []
    },
    "toEdit": true,
    "deleted": false,
    "type": "BLANK"
  }
}
12:50:35,375 WARN  ~ request body string:{
  "slide": {
    "slideId": "UUID-SLD-9c6f08ba-62ae-4a45-ae3f-7fa48e25f216",
    "options": {},
    "slideContent": {
      "componentArray": []
    },
    "toEdit": true,
    "deleted": false,
    "type": "BLANK"
  }
}
12:50:55,336 WARN  ~ request body string:{
  "slide": {
    "slideId": "UUID-SLD-9c6f08ba-62ae-4a45-ae3f-7fa48e25f216",
    "options": {},
    "slideContent": {
      "componentArray": []
    },
    "toEdit": true,
    "deleted": false,
    "type": "BLANK"
  }
}
12:51:15,338 WARN  ~ request body string:{
  "slide": {
    "slideId": "UUID-SLD-9c6f08ba-62ae-4a45-ae3f-7fa48e25f216",
    "options": {},
    "slideContent": {
      "componentArray": []
    },
    "toEdit": true,
    "deleted": false,
    "type": "BLANK"
  }
}
12:51:35,346 WARN  ~ request body string:{
  "slide": {
    "slideId": "UUID-SLD-9c6f08ba-62ae-4a45-ae3f-7fa48e25f216",
    "options": {},
    "slideContent": {
      "componentArray": []
    },
    "toEdit": true,
    "deleted": false,
    "type": "BLANK"
  }
}
12:51:55,346 WARN  ~ request body string:{
  "slide": {
    "slideId": "UUID-SLD-9c6f08ba-62ae-4a45-ae3f-7fa48e25f216",
    "options": {},
    "slideContent": {
      "componentArray": []
    },
    "toEdit": true,
    "deleted": false,
    "type": "BLANK"
  }
}
12:52:15,351 WARN  ~ request body string:{
  "slide": {
    "slideId": "UUID-SLD-9c6f08ba-62ae-4a45-ae3f-7fa48e25f216",
    "options": {},
    "slideContent": {
      "componentArray": []
    },
    "toEdit": true,
    "deleted": false,
    "type": "BLANK"
  }
}
12:52:35,359 WARN  ~ request body string:{
  "slide": {
    "slideId": "UUID-SLD-9c6f08ba-62ae-4a45-ae3f-7fa48e25f216",
    "options": {},
    "slideContent": {
      "componentArray": []
    },
    "toEdit": true,
    "deleted": false,
    "type": "BLANK"
  }
}
12:52:55,347 WARN  ~ request body string:{
  "slide": {
    "slideId": "UUID-SLD-9c6f08ba-62ae-4a45-ae3f-7fa48e25f216",
    "options": {},
    "slideContent": {
      "componentArray": []
    },
    "toEdit": true,
    "deleted": false,
    "type": "BLANK"
  }
}
12:53:15,352 WARN  ~ request body string:{
  "slide": {
    "slideId": "UUID-SLD-9c6f08ba-62ae-4a45-ae3f-7fa48e25f216",
    "options": {},
    "slideContent": {
      "componentArray": []
    },
    "toEdit": true,
    "deleted": false,
    "type": "BLANK"
  }
}
12:53:35,348 WARN  ~ request body string:{
  "slide": {
    "slideId": "UUID-SLD-9c6f08ba-62ae-4a45-ae3f-7fa48e25f216",
    "options": {},
    "slideContent": {
      "componentArray": []
    },
    "toEdit": true,
    "deleted": false,
    "type": "BLANK"
  }
}
12:53:55,359 WARN  ~ request body string:{
  "slide": {
    "slideId": "UUID-SLD-9c6f08ba-62ae-4a45-ae3f-7fa48e25f216",
    "options": {},
    "slideContent": {
      "componentArray": []
    },
    "toEdit": true,
    "deleted": false,
    "type": "BLANK"
  }
}
12:54:15,359 WARN  ~ request body string:{
  "slide": {
    "slideId": "UUID-SLD-9c6f08ba-62ae-4a45-ae3f-7fa48e25f216",
    "options": {},
    "slideContent": {
      "componentArray": []
    },
    "toEdit": true,
    "deleted": false,
    "type": "BLANK"
  }
}
12:54:37,870 WARN  ~ request body string:{
  "slide": {
    "slideId": "UUID-SLD-9c6f08ba-62ae-4a45-ae3f-7fa48e25f216",
    "options": {},
    "slideContent": {
      "componentArray": []
    },
    "toEdit": true,
    "deleted": false,
    "type": "BLANK"
  }
}
12:54:55,366 WARN  ~ request body string:{
  "slide": {
    "slideId": "UUID-SLD-9c6f08ba-62ae-4a45-ae3f-7fa48e25f216",
    "options": {},
    "slideContent": {
      "componentArray": []
    },
    "toEdit": true,
    "deleted": false,
    "type": "BLANK"
  }
}
12:55:15,373 WARN  ~ request body string:
12:55:15,448 WARN  ~ request body string:{
  "slide": {
    "slideId": "UUID-SLD-9c6f08ba-62ae-4a45-ae3f-7fa48e25f216",
    "options": {},
    "slideContent": {
      "componentArray": []
    },
    "toEdit": true,
    "deleted": false,
    "type": "BLANK"
  }
}
12:55:35,373 WARN  ~ request body string:{
  "slide": {
    "slideId": "UUID-SLD-9c6f08ba-62ae-4a45-ae3f-7fa48e25f216",
    "options": {},
    "slideContent": {
      "componentArray": []
    },
    "toEdit": true,
    "deleted": false,
    "type": "BLANK"
  }
}
12:55:55,400 WARN  ~ request body string:{
  "slide": {
    "slideId": "UUID-SLD-9c6f08ba-62ae-4a45-ae3f-7fa48e25f216",
    "options": {},
    "slideContent": {
      "componentArray": []
    },
    "toEdit": true,
    "deleted": false,
    "type": "BLANK"
  }
}
12:56:15,368 WARN  ~ request body string:{
  "slide": {
    "slideId": "UUID-SLD-9c6f08ba-62ae-4a45-ae3f-7fa48e25f216",
    "options": {},
    "slideContent": {
      "componentArray": []
    },
    "toEdit": true,
    "deleted": false,
    "type": "BLANK"
  }
}
12:56:35,376 WARN  ~ request body string:{
  "slide": {
    "slideId": "UUID-SLD-9c6f08ba-62ae-4a45-ae3f-7fa48e25f216",
    "options": {},
    "slideContent": {
      "componentArray": []
    },
    "toEdit": true,
    "deleted": false,
    "type": "BLANK"
  }
}
12:56:55,366 WARN  ~ request body string:{
  "slide": {
    "slideId": "UUID-SLD-9c6f08ba-62ae-4a45-ae3f-7fa48e25f216",
    "options": {},
    "slideContent": {
      "componentArray": []
    },
    "toEdit": true,
    "deleted": false,
    "type": "BLANK"
  }
}
12:57:15,382 WARN  ~ request body string:{
  "slide": {
    "slideId": "UUID-SLD-9c6f08ba-62ae-4a45-ae3f-7fa48e25f216",
    "options": {},
    "slideContent": {
      "componentArray": []
    },
    "toEdit": true,
    "deleted": false,
    "type": "BLANK"
  }
}
12:57:35,373 WARN  ~ request body string:{
  "slide": {
    "slideId": "UUID-SLD-9c6f08ba-62ae-4a45-ae3f-7fa48e25f216",
    "options": {},
    "slideContent": {
      "componentArray": []
    },
    "toEdit": true,
    "deleted": false,
    "type": "BLANK"
  }
}
12:57:55,379 WARN  ~ request body string:{
  "slide": {
    "slideId": "UUID-SLD-9c6f08ba-62ae-4a45-ae3f-7fa48e25f216",
    "options": {},
    "slideContent": {
      "componentArray": []
    },
    "toEdit": true,
    "deleted": false,
    "type": "BLANK"
  }
}
12:58:15,378 WARN  ~ request body string:{
  "slide": {
    "slideId": "UUID-SLD-9c6f08ba-62ae-4a45-ae3f-7fa48e25f216",
    "options": {},
    "slideContent": {
      "componentArray": []
    },
    "toEdit": true,
    "deleted": false,
    "type": "BLANK"
  }
}
12:58:35,374 WARN  ~ request body string:{
  "slide": {
    "slideId": "UUID-SLD-9c6f08ba-62ae-4a45-ae3f-7fa48e25f216",
    "options": {},
    "slideContent": {
      "componentArray": []
    },
    "toEdit": true,
    "deleted": false,
    "type": "BLANK"
  }
}
12:58:55,377 WARN  ~ request body string:{
  "slide": {
    "slideId": "UUID-SLD-9c6f08ba-62ae-4a45-ae3f-7fa48e25f216",
    "options": {},
    "slideContent": {
      "componentArray": []
    },
    "toEdit": true,
    "deleted": false,
    "type": "BLANK"
  }
}
12:59:15,390 WARN  ~ request body string:{
  "slide": {
    "slideId": "UUID-SLD-9c6f08ba-62ae-4a45-ae3f-7fa48e25f216",
    "options": {},
    "slideContent": {
      "componentArray": []
    },
    "toEdit": true,
    "deleted": false,
    "type": "BLANK"
  }
}
12:59:35,406 WARN  ~ request body string:{
  "slide": {
    "slideId": "UUID-SLD-9c6f08ba-62ae-4a45-ae3f-7fa48e25f216",
    "options": {},
    "slideContent": {
      "componentArray": []
    },
    "toEdit": true,
    "deleted": false,
    "type": "BLANK"
  }
}
12:59:55,389 WARN  ~ request body string:{
  "slide": {
    "slideId": "UUID-SLD-9c6f08ba-62ae-4a45-ae3f-7fa48e25f216",
    "options": {},
    "slideContent": {
      "componentArray": []
    },
    "toEdit": true,
    "deleted": false,
    "type": "BLANK"
  }
}
13:00:15,390 WARN  ~ request body string:{
  "slide": {
    "slideId": "UUID-SLD-9c6f08ba-62ae-4a45-ae3f-7fa48e25f216",
    "options": {},
    "slideContent": {
      "componentArray": []
    },
    "toEdit": true,
    "deleted": false,
    "type": "BLANK"
  }
}
13:00:35,389 WARN  ~ request body string:{
  "slide": {
    "slideId": "UUID-SLD-9c6f08ba-62ae-4a45-ae3f-7fa48e25f216",
    "options": {},
    "slideContent": {
      "componentArray": []
    },
    "toEdit": true,
    "deleted": false,
    "type": "BLANK"
  }
}
13:00:55,404 WARN  ~ request body string:{
  "slide": {
    "slideId": "UUID-SLD-9c6f08ba-62ae-4a45-ae3f-7fa48e25f216",
    "options": {},
    "slideContent": {
      "componentArray": []
    },
    "toEdit": true,
    "deleted": false,
    "type": "BLANK"
  }
}
13:01:15,975 WARN  ~ request body string:{
  "slide": {
    "slideId": "UUID-SLD-9c6f08ba-62ae-4a45-ae3f-7fa48e25f216",
    "options": {},
    "slideContent": {
      "componentArray": []
    },
    "toEdit": true,
    "deleted": false,
    "type": "BLANK"
  }
}
13:01:35,402 WARN  ~ request body string:{
  "slide": {
    "slideId": "UUID-SLD-9c6f08ba-62ae-4a45-ae3f-7fa48e25f216",
    "options": {},
    "slideContent": {
      "componentArray": []
    },
    "toEdit": true,
    "deleted": false,
    "type": "BLANK"
  }
}
13:01:55,395 WARN  ~ request body string:{
  "slide": {
    "slideId": "UUID-SLD-9c6f08ba-62ae-4a45-ae3f-7fa48e25f216",
    "options": {},
    "slideContent": {
      "componentArray": []
    },
    "toEdit": true,
    "deleted": false,
    "type": "BLANK"
  }
}
13:02:15,413 WARN  ~ request body string:{
  "slide": {
    "slideId": "UUID-SLD-9c6f08ba-62ae-4a45-ae3f-7fa48e25f216",
    "options": {},
    "slideContent": {
      "componentArray": []
    },
    "toEdit": true,
    "deleted": false,
    "type": "BLANK"
  }
}
13:02:35,452 WARN  ~ request body string:{
  "slide": {
    "slideId": "UUID-SLD-9c6f08ba-62ae-4a45-ae3f-7fa48e25f216",
    "options": {},
    "slideContent": {
      "componentArray": []
    },
    "toEdit": true,
    "deleted": false,
    "type": "BLANK"
  }
}
13:02:55,404 WARN  ~ request body string:{
  "slide": {
    "slideId": "UUID-SLD-9c6f08ba-62ae-4a45-ae3f-7fa48e25f216",
    "options": {},
    "slideContent": {
      "componentArray": []
    },
    "toEdit": true,
    "deleted": false,
    "type": "BLANK"
  }
}
13:03:15,400 WARN  ~ request body string:{
  "slide": {
    "slideId": "UUID-SLD-9c6f08ba-62ae-4a45-ae3f-7fa48e25f216",
    "options": {},
    "slideContent": {
      "componentArray": []
    },
    "toEdit": true,
    "deleted": false,
    "type": "BLANK"
  }
}
13:03:35,413 WARN  ~ request body string:{
  "slide": {
    "slideId": "UUID-SLD-9c6f08ba-62ae-4a45-ae3f-7fa48e25f216",
    "options": {},
    "slideContent": {
      "componentArray": []
    },
    "toEdit": true,
    "deleted": false,
    "type": "BLANK"
  }
}
13:03:55,406 WARN  ~ request body string:{
  "slide": {
    "slideId": "UUID-SLD-9c6f08ba-62ae-4a45-ae3f-7fa48e25f216",
    "options": {},
    "slideContent": {
      "componentArray": []
    },
    "toEdit": true,
    "deleted": false,
    "type": "BLANK"
  }
}
13:04:15,775 WARN  ~ request body string:{
  "slide": {
    "slideId": "UUID-SLD-9c6f08ba-62ae-4a45-ae3f-7fa48e25f216",
    "options": {},
    "slideContent": {
      "componentArray": []
    },
    "toEdit": true,
    "deleted": false,
    "type": "BLANK"
  }
}
13:04:36,802 WARN  ~ request body string:{
  "slide": {
    "slideId": "UUID-SLD-9c6f08ba-62ae-4a45-ae3f-7fa48e25f216",
    "options": {},
    "slideContent": {
      "componentArray": []
    },
    "toEdit": true,
    "deleted": false,
    "type": "BLANK"
  }
}
13:04:57,770 WARN  ~ request body string:{
  "slide": {
    "slideId": "UUID-SLD-9c6f08ba-62ae-4a45-ae3f-7fa48e25f216",
    "options": {},
    "slideContent": {
      "componentArray": []
    },
    "toEdit": true,
    "deleted": false,
    "type": "BLANK"
  }
}
13:05:18,780 WARN  ~ request body string:
13:05:18,875 WARN  ~ request body string:{
  "slide": {
    "slideId": "UUID-SLD-9c6f08ba-62ae-4a45-ae3f-7fa48e25f216",
    "options": {},
    "slideContent": {
      "componentArray": []
    },
    "toEdit": true,
    "deleted": false,
    "type": "BLANK"
  }
}
13:05:40,858 WARN  ~ request body string:{
  "slide": {
    "slideId": "UUID-SLD-9c6f08ba-62ae-4a45-ae3f-7fa48e25f216",
    "options": {},
    "slideContent": {
      "componentArray": []
    },
    "toEdit": true,
    "deleted": false,
    "type": "BLANK"
  }
}
13:06:00,763 WARN  ~ request body string:{
  "slide": {
    "slideId": "UUID-SLD-9c6f08ba-62ae-4a45-ae3f-7fa48e25f216",
    "options": {},
    "slideContent": {
      "componentArray": []
    },
    "toEdit": true,
    "deleted": false,
    "type": "BLANK"
  }
}
13:06:21,757 WARN  ~ request body string:{
  "slide": {
    "slideId": "UUID-SLD-9c6f08ba-62ae-4a45-ae3f-7fa48e25f216",
    "options": {},
    "slideContent": {
      "componentArray": []
    },
    "toEdit": true,
    "deleted": false,
    "type": "BLANK"
  }
}
13:06:41,766 WARN  ~ request body string:{
  "slide": {
    "slideId": "UUID-SLD-9c6f08ba-62ae-4a45-ae3f-7fa48e25f216",
    "options": {},
    "slideContent": {
      "componentArray": []
    },
    "toEdit": true,
    "deleted": false,
    "type": "BLANK"
  }
}
13:07:02,763 WARN  ~ request body string:{
  "slide": {
    "slideId": "UUID-SLD-9c6f08ba-62ae-4a45-ae3f-7fa48e25f216",
    "options": {},
    "slideContent": {
      "componentArray": []
    },
    "toEdit": true,
    "deleted": false,
    "type": "BLANK"
  }
}
13:07:23,760 WARN  ~ request body string:{
  "slide": {
    "slideId": "UUID-SLD-9c6f08ba-62ae-4a45-ae3f-7fa48e25f216",
    "options": {},
    "slideContent": {
      "componentArray": []
    },
    "toEdit": true,
    "deleted": false,
    "type": "BLANK"
  }
}
13:07:44,756 WARN  ~ request body string:{
  "slide": {
    "slideId": "UUID-SLD-9c6f08ba-62ae-4a45-ae3f-7fa48e25f216",
    "options": {},
    "slideContent": {
      "componentArray": []
    },
    "toEdit": true,
    "deleted": false,
    "type": "BLANK"
  }
}
13:08:05,764 WARN  ~ request body string:{
  "slide": {
    "slideId": "UUID-SLD-9c6f08ba-62ae-4a45-ae3f-7fa48e25f216",
    "options": {},
    "slideContent": {
      "componentArray": []
    },
    "toEdit": true,
    "deleted": false,
    "type": "BLANK"
  }
}
13:08:26,757 WARN  ~ request body string:{
  "slide": {
    "slideId": "UUID-SLD-9c6f08ba-62ae-4a45-ae3f-7fa48e25f216",
    "options": {},
    "slideContent": {
      "componentArray": []
    },
    "toEdit": true,
    "deleted": false,
    "type": "BLANK"
  }
}
13:08:47,758 WARN  ~ request body string:{
  "slide": {
    "slideId": "UUID-SLD-9c6f08ba-62ae-4a45-ae3f-7fa48e25f216",
    "options": {},
    "slideContent": {
      "componentArray": []
    },
    "toEdit": true,
    "deleted": false,
    "type": "BLANK"
  }
}
13:09:08,756 WARN  ~ request body string:{
  "slide": {
    "slideId": "UUID-SLD-9c6f08ba-62ae-4a45-ae3f-7fa48e25f216",
    "options": {},
    "slideContent": {
      "componentArray": []
    },
    "toEdit": true,
    "deleted": false,
    "type": "BLANK"
  }
}
13:09:29,762 WARN  ~ request body string:{
  "slide": {
    "slideId": "UUID-SLD-9c6f08ba-62ae-4a45-ae3f-7fa48e25f216",
    "options": {},
    "slideContent": {
      "componentArray": []
    },
    "toEdit": true,
    "deleted": false,
    "type": "BLANK"
  }
}
13:09:50,763 WARN  ~ request body string:{
  "slide": {
    "slideId": "UUID-SLD-9c6f08ba-62ae-4a45-ae3f-7fa48e25f216",
    "options": {},
    "slideContent": {
      "componentArray": []
    },
    "toEdit": true,
    "deleted": false,
    "type": "BLANK"
  }
}
13:10:11,792 WARN  ~ request body string:{
  "slide": {
    "slideId": "UUID-SLD-9c6f08ba-62ae-4a45-ae3f-7fa48e25f216",
    "options": {},
    "slideContent": {
      "componentArray": []
    },
    "toEdit": true,
    "deleted": false,
    "type": "BLANK"
  }
}
13:10:32,755 WARN  ~ request body string:{
  "slide": {
    "slideId": "UUID-SLD-9c6f08ba-62ae-4a45-ae3f-7fa48e25f216",
    "options": {},
    "slideContent": {
      "componentArray": []
    },
    "toEdit": true,
    "deleted": false,
    "type": "BLANK"
  }
}
13:10:53,754 WARN  ~ request body string:{
  "slide": {
    "slideId": "UUID-SLD-9c6f08ba-62ae-4a45-ae3f-7fa48e25f216",
    "options": {},
    "slideContent": {
      "componentArray": []
    },
    "toEdit": true,
    "deleted": false,
    "type": "BLANK"
  }
}
13:11:14,766 WARN  ~ request body string:{
  "slide": {
    "slideId": "UUID-SLD-9c6f08ba-62ae-4a45-ae3f-7fa48e25f216",
    "options": {},
    "slideContent": {
      "componentArray": []
    },
    "toEdit": true,
    "deleted": false,
    "type": "BLANK"
  }
}
13:11:35,765 WARN  ~ request body string:{
  "slide": {
    "slideId": "UUID-SLD-9c6f08ba-62ae-4a45-ae3f-7fa48e25f216",
    "options": {},
    "slideContent": {
      "componentArray": []
    },
    "toEdit": true,
    "deleted": false,
    "type": "BLANK"
  }
}
13:11:56,760 WARN  ~ request body string:{
  "slide": {
    "slideId": "UUID-SLD-9c6f08ba-62ae-4a45-ae3f-7fa48e25f216",
    "options": {},
    "slideContent": {
      "componentArray": []
    },
    "toEdit": true,
    "deleted": false,
    "type": "BLANK"
  }
}
13:12:17,756 WARN  ~ request body string:{
  "slide": {
    "slideId": "UUID-SLD-9c6f08ba-62ae-4a45-ae3f-7fa48e25f216",
    "options": {},
    "slideContent": {
      "componentArray": []
    },
    "toEdit": true,
    "deleted": false,
    "type": "BLANK"
  }
}
13:12:38,764 WARN  ~ request body string:{
  "slide": {
    "slideId": "UUID-SLD-9c6f08ba-62ae-4a45-ae3f-7fa48e25f216",
    "options": {},
    "slideContent": {
      "componentArray": []
    },
    "toEdit": true,
    "deleted": false,
    "type": "BLANK"
  }
}
13:12:59,754 WARN  ~ request body string:{
  "slide": {
    "slideId": "UUID-SLD-9c6f08ba-62ae-4a45-ae3f-7fa48e25f216",
    "options": {},
    "slideContent": {
      "componentArray": []
    },
    "toEdit": true,
    "deleted": false,
    "type": "BLANK"
  }
}
13:13:20,758 WARN  ~ request body string:{
  "slide": {
    "slideId": "UUID-SLD-9c6f08ba-62ae-4a45-ae3f-7fa48e25f216",
    "options": {},
    "slideContent": {
      "componentArray": []
    },
    "toEdit": true,
    "deleted": false,
    "type": "BLANK"
  }
}
13:13:41,754 WARN  ~ request body string:{
  "slide": {
    "slideId": "UUID-SLD-9c6f08ba-62ae-4a45-ae3f-7fa48e25f216",
    "options": {},
    "slideContent": {
      "componentArray": []
    },
    "toEdit": true,
    "deleted": false,
    "type": "BLANK"
  }
}
13:14:01,756 WARN  ~ request body string:{
  "slide": {
    "slideId": "UUID-SLD-9c6f08ba-62ae-4a45-ae3f-7fa48e25f216",
    "options": {},
    "slideContent": {
      "componentArray": []
    },
    "toEdit": true,
    "deleted": false,
    "type": "BLANK"
  }
}
13:14:22,751 WARN  ~ request body string:{
  "slide": {
    "slideId": "UUID-SLD-9c6f08ba-62ae-4a45-ae3f-7fa48e25f216",
    "options": {},
    "slideContent": {
      "componentArray": []
    },
    "toEdit": true,
    "deleted": false,
    "type": "BLANK"
  }
}
13:14:43,752 WARN  ~ request body string:{
  "slide": {
    "slideId": "UUID-SLD-9c6f08ba-62ae-4a45-ae3f-7fa48e25f216",
    "options": {},
    "slideContent": {
      "componentArray": []
    },
    "toEdit": true,
    "deleted": false,
    "type": "BLANK"
  }
}
13:15:04,776 WARN  ~ request body string:{
  "slide": {
    "slideId": "UUID-SLD-9c6f08ba-62ae-4a45-ae3f-7fa48e25f216",
    "options": {},
    "slideContent": {
      "componentArray": []
    },
    "toEdit": true,
    "deleted": false,
    "type": "BLANK"
  }
}
13:15:25,759 WARN  ~ request body string:
13:15:25,821 WARN  ~ request body string:{
  "slide": {
    "slideId": "UUID-SLD-9c6f08ba-62ae-4a45-ae3f-7fa48e25f216",
    "options": {},
    "slideContent": {
      "componentArray": []
    },
    "toEdit": true,
    "deleted": false,
    "type": "BLANK"
  }
}
13:15:46,751 WARN  ~ request body string:{
  "slide": {
    "slideId": "UUID-SLD-9c6f08ba-62ae-4a45-ae3f-7fa48e25f216",
    "options": {},
    "slideContent": {
      "componentArray": []
    },
    "toEdit": true,
    "deleted": false,
    "type": "BLANK"
  }
}
13:16:07,765 WARN  ~ request body string:{
  "slide": {
    "slideId": "UUID-SLD-9c6f08ba-62ae-4a45-ae3f-7fa48e25f216",
    "options": {},
    "slideContent": {
      "componentArray": []
    },
    "toEdit": true,
    "deleted": false,
    "type": "BLANK"
  }
}
13:16:27,775 WARN  ~ request body string:{
  "slide": {
    "slideId": "UUID-SLD-9c6f08ba-62ae-4a45-ae3f-7fa48e25f216",
    "options": {},
    "slideContent": {
      "componentArray": []
    },
    "toEdit": true,
    "deleted": false,
    "type": "BLANK"
  }
}
13:16:48,754 WARN  ~ request body string:{
  "slide": {
    "slideId": "UUID-SLD-9c6f08ba-62ae-4a45-ae3f-7fa48e25f216",
    "options": {},
    "slideContent": {
      "componentArray": []
    },
    "toEdit": true,
    "deleted": false,
    "type": "BLANK"
  }
}
13:17:09,762 WARN  ~ request body string:{
  "slide": {
    "slideId": "UUID-SLD-9c6f08ba-62ae-4a45-ae3f-7fa48e25f216",
    "options": {},
    "slideContent": {
      "componentArray": []
    },
    "toEdit": true,
    "deleted": false,
    "type": "BLANK"
  }
}
13:17:30,766 WARN  ~ request body string:{
  "slide": {
    "slideId": "UUID-SLD-9c6f08ba-62ae-4a45-ae3f-7fa48e25f216",
    "options": {},
    "slideContent": {
      "componentArray": []
    },
    "toEdit": true,
    "deleted": false,
    "type": "BLANK"
  }
}
13:17:51,773 WARN  ~ request body string:{
  "slide": {
    "slideId": "UUID-SLD-9c6f08ba-62ae-4a45-ae3f-7fa48e25f216",
    "options": {},
    "slideContent": {
      "componentArray": []
    },
    "toEdit": true,
    "deleted": false,
    "type": "BLANK"
  }
}
13:18:12,764 WARN  ~ request body string:{
  "slide": {
    "slideId": "UUID-SLD-9c6f08ba-62ae-4a45-ae3f-7fa48e25f216",
    "options": {},
    "slideContent": {
      "componentArray": []
    },
    "toEdit": true,
    "deleted": false,
    "type": "BLANK"
  }
}
13:18:33,761 WARN  ~ request body string:{
  "slide": {
    "slideId": "UUID-SLD-9c6f08ba-62ae-4a45-ae3f-7fa48e25f216",
    "options": {},
    "slideContent": {
      "componentArray": []
    },
    "toEdit": true,
    "deleted": false,
    "type": "BLANK"
  }
}
13:18:54,748 WARN  ~ request body string:{
  "slide": {
    "slideId": "UUID-SLD-9c6f08ba-62ae-4a45-ae3f-7fa48e25f216",
    "options": {},
    "slideContent": {
      "componentArray": []
    },
    "toEdit": true,
    "deleted": false,
    "type": "BLANK"
  }
}
13:19:15,751 WARN  ~ request body string:{
  "slide": {
    "slideId": "UUID-SLD-9c6f08ba-62ae-4a45-ae3f-7fa48e25f216",
    "options": {},
    "slideContent": {
      "componentArray": []
    },
    "toEdit": true,
    "deleted": false,
    "type": "BLANK"
  }
}
13:19:36,754 WARN  ~ request body string:{
  "slide": {
    "slideId": "UUID-SLD-9c6f08ba-62ae-4a45-ae3f-7fa48e25f216",
    "options": {},
    "slideContent": {
      "componentArray": []
    },
    "toEdit": true,
    "deleted": false,
    "type": "BLANK"
  }
}
13:19:57,747 WARN  ~ request body string:{
  "slide": {
    "slideId": "UUID-SLD-9c6f08ba-62ae-4a45-ae3f-7fa48e25f216",
    "options": {},
    "slideContent": {
      "componentArray": []
    },
    "toEdit": true,
    "deleted": false,
    "type": "BLANK"
  }
}
13:20:18,756 WARN  ~ request body string:{
  "slide": {
    "slideId": "UUID-SLD-9c6f08ba-62ae-4a45-ae3f-7fa48e25f216",
    "options": {},
    "slideContent": {
      "componentArray": []
    },
    "toEdit": true,
    "deleted": false,
    "type": "BLANK"
  }
}
13:20:39,750 WARN  ~ request body string:{
  "slide": {
    "slideId": "UUID-SLD-9c6f08ba-62ae-4a45-ae3f-7fa48e25f216",
    "options": {},
    "slideContent": {
      "componentArray": []
    },
    "toEdit": true,
    "deleted": false,
    "type": "BLANK"
  }
}
13:21:00,772 WARN  ~ request body string:{
  "slide": {
    "slideId": "UUID-SLD-9c6f08ba-62ae-4a45-ae3f-7fa48e25f216",
    "options": {},
    "slideContent": {
      "componentArray": []
    },
    "toEdit": true,
    "deleted": false,
    "type": "BLANK"
  }
}
13:21:21,751 WARN  ~ request body string:{
  "slide": {
    "slideId": "UUID-SLD-9c6f08ba-62ae-4a45-ae3f-7fa48e25f216",
    "options": {},
    "slideContent": {
      "componentArray": []
    },
    "toEdit": true,
    "deleted": false,
    "type": "BLANK"
  }
}
13:21:42,752 WARN  ~ request body string:{
  "slide": {
    "slideId": "UUID-SLD-9c6f08ba-62ae-4a45-ae3f-7fa48e25f216",
    "options": {},
    "slideContent": {
      "componentArray": []
    },
    "toEdit": true,
    "deleted": false,
    "type": "BLANK"
  }
}
13:22:04,314 WARN  ~ request body string:{
  "slide": {
    "slideId": "UUID-SLD-9c6f08ba-62ae-4a45-ae3f-7fa48e25f216",
    "options": {},
    "slideContent": {
      "componentArray": []
    },
    "toEdit": true,
    "deleted": false,
    "type": "BLANK"
  }
}
13:22:24,776 WARN  ~ request body string:{
  "slide": {
    "slideId": "UUID-SLD-9c6f08ba-62ae-4a45-ae3f-7fa48e25f216",
    "options": {},
    "slideContent": {
      "componentArray": []
    },
    "toEdit": true,
    "deleted": false,
    "type": "BLANK"
  }
}
13:22:45,754 WARN  ~ request body string:{
  "slide": {
    "slideId": "UUID-SLD-9c6f08ba-62ae-4a45-ae3f-7fa48e25f216",
    "options": {},
    "slideContent": {
      "componentArray": []
    },
    "toEdit": true,
    "deleted": false,
    "type": "BLANK"
  }
}
13:23:06,751 WARN  ~ request body string:{
  "slide": {
    "slideId": "UUID-SLD-9c6f08ba-62ae-4a45-ae3f-7fa48e25f216",
    "options": {},
    "slideContent": {
      "componentArray": []
    },
    "toEdit": true,
    "deleted": false,
    "type": "BLANK"
  }
}
13:23:27,751 WARN  ~ request body string:{
  "slide": {
    "slideId": "UUID-SLD-9c6f08ba-62ae-4a45-ae3f-7fa48e25f216",
    "options": {},
    "slideContent": {
      "componentArray": []
    },
    "toEdit": true,
    "deleted": false,
    "type": "BLANK"
  }
}
13:23:48,748 WARN  ~ request body string:{
  "slide": {
    "slideId": "UUID-SLD-9c6f08ba-62ae-4a45-ae3f-7fa48e25f216",
    "options": {},
    "slideContent": {
      "componentArray": []
    },
    "toEdit": true,
    "deleted": false,
    "type": "BLANK"
  }
}
13:24:09,749 WARN  ~ request body string:{
  "slide": {
    "slideId": "UUID-SLD-9c6f08ba-62ae-4a45-ae3f-7fa48e25f216",
    "options": {},
    "slideContent": {
      "componentArray": []
    },
    "toEdit": true,
    "deleted": false,
    "type": "BLANK"
  }
}
13:24:30,745 WARN  ~ request body string:{
  "slide": {
    "slideId": "UUID-SLD-9c6f08ba-62ae-4a45-ae3f-7fa48e25f216",
    "options": {},
    "slideContent": {
      "componentArray": []
    },
    "toEdit": true,
    "deleted": false,
    "type": "BLANK"
  }
}
13:24:50,753 WARN  ~ request body string:{
  "slide": {
    "slideId": "UUID-SLD-9c6f08ba-62ae-4a45-ae3f-7fa48e25f216",
    "options": {},
    "slideContent": {
      "componentArray": []
    },
    "toEdit": true,
    "deleted": false,
    "type": "BLANK"
  }
}
13:25:11,745 WARN  ~ request body string:{
  "slide": {
    "slideId": "UUID-SLD-9c6f08ba-62ae-4a45-ae3f-7fa48e25f216",
    "options": {},
    "slideContent": {
      "componentArray": []
    },
    "toEdit": true,
    "deleted": false,
    "type": "BLANK"
  }
}
13:25:32,748 WARN  ~ request body string:
13:25:32,809 WARN  ~ request body string:{
  "slide": {
    "slideId": "UUID-SLD-9c6f08ba-62ae-4a45-ae3f-7fa48e25f216",
    "options": {},
    "slideContent": {
      "componentArray": []
    },
    "toEdit": true,
    "deleted": false,
    "type": "BLANK"
  }
}
13:25:53,768 WARN  ~ request body string:{
  "slide": {
    "slideId": "UUID-SLD-9c6f08ba-62ae-4a45-ae3f-7fa48e25f216",
    "options": {},
    "slideContent": {
      "componentArray": []
    },
    "toEdit": true,
    "deleted": false,
    "type": "BLANK"
  }
}
13:26:14,765 WARN  ~ request body string:{
  "slide": {
    "slideId": "UUID-SLD-9c6f08ba-62ae-4a45-ae3f-7fa48e25f216",
    "options": {},
    "slideContent": {
      "componentArray": []
    },
    "toEdit": true,
    "deleted": false,
    "type": "BLANK"
  }
}
13:26:35,757 WARN  ~ request body string:{
  "slide": {
    "slideId": "UUID-SLD-9c6f08ba-62ae-4a45-ae3f-7fa48e25f216",
    "options": {},
    "slideContent": {
      "componentArray": []
    },
    "toEdit": true,
    "deleted": false,
    "type": "BLANK"
  }
}
13:26:56,746 WARN  ~ request body string:{
  "slide": {
    "slideId": "UUID-SLD-9c6f08ba-62ae-4a45-ae3f-7fa48e25f216",
    "options": {},
    "slideContent": {
      "componentArray": []
    },
    "toEdit": true,
    "deleted": false,
    "type": "BLANK"
  }
}
13:27:17,746 WARN  ~ request body string:{
  "slide": {
    "slideId": "UUID-SLD-9c6f08ba-62ae-4a45-ae3f-7fa48e25f216",
    "options": {},
    "slideContent": {
      "componentArray": []
    },
    "toEdit": true,
    "deleted": false,
    "type": "BLANK"
  }
}
13:27:38,751 WARN  ~ request body string:{
  "slide": {
    "slideId": "UUID-SLD-9c6f08ba-62ae-4a45-ae3f-7fa48e25f216",
    "options": {},
    "slideContent": {
      "componentArray": []
    },
    "toEdit": true,
    "deleted": false,
    "type": "BLANK"
  }
}
13:27:59,749 WARN  ~ request body string:{
  "slide": {
    "slideId": "UUID-SLD-9c6f08ba-62ae-4a45-ae3f-7fa48e25f216",
    "options": {},
    "slideContent": {
      "componentArray": []
    },
    "toEdit": true,
    "deleted": false,
    "type": "BLANK"
  }
}
13:28:20,748 WARN  ~ request body string:{
  "slide": {
    "slideId": "UUID-SLD-9c6f08ba-62ae-4a45-ae3f-7fa48e25f216",
    "options": {},
    "slideContent": {
      "componentArray": []
    },
    "toEdit": true,
    "deleted": false,
    "type": "BLANK"
  }
}
13:28:41,746 WARN  ~ request body string:{
  "slide": {
    "slideId": "UUID-SLD-9c6f08ba-62ae-4a45-ae3f-7fa48e25f216",
    "options": {},
    "slideContent": {
      "componentArray": []
    },
    "toEdit": true,
    "deleted": false,
    "type": "BLANK"
  }
}
13:29:02,758 WARN  ~ request body string:{
  "slide": {
    "slideId": "UUID-SLD-9c6f08ba-62ae-4a45-ae3f-7fa48e25f216",
    "options": {},
    "slideContent": {
      "componentArray": []
    },
    "toEdit": true,
    "deleted": false,
    "type": "BLANK"
  }
}
13:29:23,761 WARN  ~ request body string:{
  "slide": {
    "slideId": "UUID-SLD-9c6f08ba-62ae-4a45-ae3f-7fa48e25f216",
    "options": {},
    "slideContent": {
      "componentArray": []
    },
    "toEdit": true,
    "deleted": false,
    "type": "BLANK"
  }
}
13:29:44,747 WARN  ~ request body string:{
  "slide": {
    "slideId": "UUID-SLD-9c6f08ba-62ae-4a45-ae3f-7fa48e25f216",
    "options": {},
    "slideContent": {
      "componentArray": []
    },
    "toEdit": true,
    "deleted": false,
    "type": "BLANK"
  }
}
13:30:05,745 WARN  ~ request body string:{
  "slide": {
    "slideId": "UUID-SLD-9c6f08ba-62ae-4a45-ae3f-7fa48e25f216",
    "options": {},
    "slideContent": {
      "componentArray": []
    },
    "toEdit": true,
    "deleted": false,
    "type": "BLANK"
  }
}
13:30:26,775 WARN  ~ request body string:{
  "slide": {
    "slideId": "UUID-SLD-9c6f08ba-62ae-4a45-ae3f-7fa48e25f216",
    "options": {},
    "slideContent": {
      "componentArray": []
    },
    "toEdit": true,
    "deleted": false,
    "type": "BLANK"
  }
}
13:30:47,759 WARN  ~ request body string:{
  "slide": {
    "slideId": "UUID-SLD-9c6f08ba-62ae-4a45-ae3f-7fa48e25f216",
    "options": {},
    "slideContent": {
      "componentArray": []
    },
    "toEdit": true,
    "deleted": false,
    "type": "BLANK"
  }
}
13:31:08,759 WARN  ~ request body string:{
  "slide": {
    "slideId": "UUID-SLD-9c6f08ba-62ae-4a45-ae3f-7fa48e25f216",
    "options": {},
    "slideContent": {
      "componentArray": []
    },
    "toEdit": true,
    "deleted": false,
    "type": "BLANK"
  }
}
13:31:08,884 WARN  ~ request body string:{
  "slide": {
    "slideId": "UUID-SLD-9c6f08ba-62ae-4a45-ae3f-7fa48e25f216",
    "options": {},
    "slideContent": {
      "componentArray": []
    },
    "toEdit": true,
    "deleted": false,
    "type": "BLANK"
  }
}
15:20:45,796 WARN  ~ request body string:
options...
15:20:45,917 WARN  ~ request body string:{
  "login": "testingtool@eclettica.net",
  "password": "testingtool"
}
15:20:46,138 WARN  ~ request body string:
15:20:46,177 WARN  ~ request body string:
15:20:46,229 WARN  ~ request body string:
15:20:46,366 WARN  ~ request body string:
